<?xml version="1.0" encoding="UTF-8"?>
<!-- Generated by org.testng.reporters.JUnitReportReporter -->
<testsuite skipped="0" hostname="DESKTOP-C7FNRE4" name="Qaclickacademies.SeleniumTest" tests="2" failures="0" timestamp="2020-03-02T19:22:20 IST" time="0.000" errors="0">
  <testcase name="hello" time="0.000" classname="Qaclickacademies.SeleniumTest"/>
  <system-out/>
  <testcase name="bye" time="0.000" classname="Qaclickacademies.SeleniumTest"/>
  <system-out/>
</testsuite> <!-- Qaclickacademies.SeleniumTest -->
